2018-12-02 16:03:36,931 INFO  com.netsuite.testautomation.junit.runners.SuiteSetupRule - Start of: SuiteSetup(com.netsuite.chinalocalization.vat.p2.ChinaVATCanBeSavedTest)
2018-12-02 16:03:46,729 INFO  org.apache.log4j.Category$info - Navigated to: https://system.netsuite.com/app/login/secure/enterpriselogin.nl?whence=
2018-12-02 16:03:59,043 INFO  com.netsuite.testautomation.aut.NetSuiteApp - Logged in successfully.
2018-12-02 16:03:59,235 INFO  com.netsuite.testautomation.aut.NetSuiteApp - Logged in successfully.
2018-12-02 16:04:00,335 ERROR com.netsuite.testautomation.junit.runners.SuiteSetupRule - There was a problem while executing suite setup method.
net.qaautomation.exceptions.TestCaseException: Unexpected Error
Caused by: net.qaautomation.exceptions.SystemException: Error while executing javascript command 'return nlapiGetContext().getPreference('language');'
	at com.netsuite.testautomation.driver.SeleniumDriver.executeScriptInternal(SeleniumDriver.java:1517)
	at com.netsuite.testautomation.driver.SeleniumDriver.executeScriptIgnoreAlert(SeleniumDriver.java:1502)
	at com.netsuite.testautomation.driver.WebDriver$executeScriptIgnoreAlert$5.call(Unknown Source)
	at com.netsuite.base.lib.language.LanguageUtil.getUserLanguage(LanguageUtil.groovy:20)
	at com.netsuite.base.lib.language.LanguageUtil.setCurrentLanguage(LanguageUtil.groovy:43)
	at com.netsuite.base.lib.language.LanguageUtil.changeToTargetLanguage(LanguageUtil.groovy:60)
	at com.netsuite.base.lib.language.LanguageUtil$changeToTargetLanguage.call(Unknown Source)
	at com.netsuite.base.lib.login.LoginUtil.switchToRoleForMultiLanguageTeam(LoginUtil.groovy:188)
	at com.netsuite.base.lib.login.LoginUtil$switchToRoleForMultiLanguageTeam$3.callCurrent(Unknown Source)
	at com.netsuite.base.lib.login.LoginUtil.switchToRole(LoginUtil.groovy:217)
	at com.netsuite.base.lib.login.LoginUtil$switchToRole$2.callCurrent(Unknown Source)
	at com.netsuite.base.lib.login.LoginUtil.loginAsRole(LoginUtil.groovy:272)
	at com.netsuite.base.lib.login.LoginUtil$loginAsRole$0.call(Unknown Source)
	at com.netsuite.chinalocalization.common.BaseAppTestSuite.login(BaseAppTestSuite.groovy:132)
	at com.netsuite.chinalocalization.common.BaseAppTestSuite.setUpTestSuite(BaseAppTestSuite.groovy:80)
	at com.netsuite.chinalocalization.vat.VATAppTestSuite.super$4$setUpTestSuite(VATAppTestSuite.groovy)
	at groovy.lang.MetaMethod.doMethodInvoke(MetaMethod.java:325)
	at groovy.lang.MetaClassImpl.invokeMethod(MetaClassImpl.java:1218)
	at com.netsuite.chinalocalization.vat.VATAppTestSuite.setUpTestSuite(VATAppTestSuite.groovy:39)
Caused by: org.openqa.selenium.WebDriverException: unknown error: call function result missing int 'status'
  (Session info: chrome=70.0.3538.110)
  (Driver info: chromedriver=2.42.591088 (7b2b2dca23cca0862f674758c9a3933e685c27d5),platform=Windows NT 10.0.16299 x86_64) (WARNING: The server did not provide any stacktrace information)
Command duration or timeout: 0 milliseconds
Build info: version: '3.9.1', revision: '63f7b50', time: '2018-02-07T22:25:02.294Z'
System info: host: 'ZHONGZHU-CN', ip: '10.191.25.85', os.name: 'Windows 10', os.arch: 'amd64', os.version: '10.0', java.version: '1.8.0_181'
Driver info: org.openqa.selenium.chrome.ChromeDriver
Capabilities {acceptInsecureCerts: false, acceptSslCerts: false, applicationCacheEnabled: false, browserConnectionEnabled: false, browserName: chrome, chrome: {chromedriverVersion: 2.42.591088 (7b2b2dca23cca0..., userDataDir: C:\headless\profile}, cssSelectorsEnabled: true, databaseEnabled: false, goog:chromeOptions: {debuggerAddress: localhost:50362}, handlesAlerts: true, hasTouchScreen: false, javascriptEnabled: true, locationContextEnabled: true, mobileEmulationEnabled: false, nativeEvents: true, networkConnectionEnabled: false, pageLoadStrategy: normal, platform: XP, platformName: XP, rotatable: false, setWindowRect: true, takesHeapSnapshot: true, takesScreenshot: true, unexpectedAlertBehaviour: , unhandledPromptBehavior: , version: 70.0.3538.110, webStorageEnabled: true}
Session ID: a6a042eaea0a45cb2041cbcd297db951
	at com.netsuite.testautomation.driver.SeleniumDriver.executeScriptInternal(SeleniumDriver.java:1509)
	... 18 more
2018-12-02 16:04:00,340 INFO  com.netsuite.testautomation.junit.runners.SuiteSetupRule - End of: SuiteSetup(com.netsuite.chinalocalization.vat.p2.ChinaVATCanBeSavedTest)
