{"owner":"fredriczhu.zhu@oracle.com","execution_log":"com_netsuite_chinalocalization_vat_p2_ChinaVATCanBeSavedTest_SuiteTeardown_1543737857476","end_time":"\\/Date(1543737881697)\\/","deductTime":0,"failed":0,"title":"SuiteTeardown(com.netsuite.chinalocalization.vat.p2.ChinaVATCanBeSavedTest)","exceptions":1,"result":"failed","start_time":"\\/Date(1543737881697)\\/","testExecutionId":"test8543eb58-b811-4e46-8bb2-aaf66b0e46b7","passed":0,"time":2948,"suiteExecutionId":"sut5229e580-5e9f-4668-87d1-2ec7c17272cc","actions":[{"step":"Start of: SuiteTeardown(com.netsuite.chinalocalization.vat.p2.ChinaVATCanBeSavedTest)","error":{}},{"step":"End of: SuiteTeardown(com.netsuite.chinalocalization.vat.p2.ChinaVATCanBeSavedTest)","error":{}},{"exception":"Error while executing javascript command 'return nlapiResolveURL('SUITELET', 'customscript_sl_cn_vat', 'customdeploy_sl_cn_vat');'","error":{"stack_trace":"net.qaautomation.exceptions.TestCaseException: Error while executing javascript command 'return nlapiResolveURL('SUITELET', 'customscript_sl_cn_vat', 'customdeploy_sl_cn_vat');'<br>&nbsp;&nbsp;&nbsp;&nbsp;\tat com.netsuite.testautomation.driver.SeleniumDriver.executeScriptInternal(SeleniumDriver.java:1517)<br>&nbsp;&nbsp;&nbsp;&nbsp;\tat com.netsuite.testautomation.driver.SeleniumDriver.executeScript(SeleniumDriver.java:1498)<br>&nbsp;&nbsp;&nbsp;&nbsp;\tat com.netsuite.testautomation.aut.GenericWebApp.executeScript(GenericWebApp.java:1335)<br>&nbsp;&nbsp;&nbsp;&nbsp;\tat com.netsuite.testautomation.aut.GenericWebApp$executeScript$2.call(Unknown Source)<br>&nbsp;&nbsp;&nbsp;&nbsp;\tat com.netsuite.chinalocalization.common.BaseAppTestSuite.resolveSuiteletURL(BaseAppTestSuite.groovy:301)<br>&nbsp;&nbsp;&nbsp;&nbsp;\tat com.netsuite.chinalocalization.common.BaseAppTestSuite$resolveSuiteletURL$3.callCurrent(Unknown Source)<br>&nbsp;&nbsp;&nbsp;&nbsp;\tat com.netsuite.chinalocalization.vat.VATAppP2TestSuite.navigateToGenerateChinaVATPage(VATAppP2TestSuite.groovy:117)<br>&nbsp;&nbsp;&nbsp;&nbsp;\tat com.netsuite.chinalocalization.vat.VATAppP2TestSuite$navigateToGenerateChinaVATPage.callCurrent(Unknown Source)<br>&nbsp;&nbsp;&nbsp;&nbsp;\tat com.netsuite.chinalocalization.vat.p2.ChinaVATCanBeSavedTest.test_6_3_1(ChinaVATCanBeSavedTest.groovy:34)<br>&nbsp;&nbsp;&nbsp;&nbsp;Caused by: org.openqa.selenium.WebDriverException: unknown error: call function result missing int 'status'<br>&nbsp;&nbsp;&nbsp;&nbsp;  (Session info: chrome=70.0.3538.110)<br>&nbsp;&nbsp;&nbsp;&nbsp;  (Driver info: chromedriver=2.42.591088 (7b2b2dca23cca0862f674758c9a3933e685c27d5),platform=Windows NT 10.0.16299 x86_64) (WARNING: The server did not provide any stacktrace information)<br>&nbsp;&nbsp;&nbsp;&nbsp;Command duration or timeout: 0 milliseconds<br>&nbsp;&nbsp;&nbsp;&nbsp;Build info: version: '3.9.1', revision: '63f7b50', time: '2018-02-07T22:25:02.294Z'<br>&nbsp;&nbsp;&nbsp;&nbsp;System info: host: 'ZHONGZHU-CN', ip: '10.191.25.85', os.name: 'Windows 10', os.arch: 'amd64', os.version: '10.0', java.version: '1.8.0_181'<br>&nbsp;&nbsp;&nbsp;&nbsp;Driver info: org.openqa.selenium.chrome.ChromeDriver<br>&nbsp;&nbsp;&nbsp;&nbsp;Capabilities {acceptInsecureCerts: false, acceptSslCerts: false, applicationCacheEnabled: false, browserConnectionEnabled: false, browserName: chrome, chrome: {chromedriverVersion: 2.42.591088 (7b2b2dca23cca0..., userDataDir: C:\\headless\\profile}, cssSelectorsEnabled: true, databaseEnabled: false, goog:chromeOptions: {debuggerAddress: localhost:50392}, handlesAlerts: true, hasTouchScreen: false, javascriptEnabled: true, locationContextEnabled: true, mobileEmulationEnabled: false, nativeEvents: true, networkConnectionEnabled: false, pageLoadStrategy: normal, platform: XP, platformName: XP, rotatable: false, setWindowRect: true, takesHeapSnapshot: true, takesScreenshot: true, unexpectedAlertBehaviour: , unhandledPromptBehavior: , version: 70.0.3538.110, webStorageEnabled: true}<br>&nbsp;&nbsp;&nbsp;&nbsp;Session ID: 2612d7c7c8e20096ada6d33f178ce021<br>&nbsp;&nbsp;&nbsp;&nbsp;\tat com.netsuite.testautomation.driver.SeleniumDriver.executeScriptInternal(SeleniumDriver.java:1509)<br>&nbsp;&nbsp;&nbsp;&nbsp;\t... 8 more"}},{"step":"End of: test_6_3_1(com.netsuite.chinalocalization.vat.p2.ChinaVATCanBeSavedTest)","error":{}}]}