{"owner":"fredriczhu.zhu@oracle.com","execution_log":"com_netsuite_chinalocalization_vat_p2_ChinaVATCanBeSavedTest_test_6_3_1_1543737816041","end_time":"\\/Date(1543737840370)\\/","deductTime":0,"failed":0,"title":"test_6_3_1(com.netsuite.chinalocalization.vat.p2.ChinaVATCanBeSavedTest)","exceptions":1,"result":"failed","start_time":"\\/Date(1543737840370)\\/","testExecutionId":"test0ac8004e-aca4-4f06-89d1-b708cb5e5920","passed":0,"time":2,"suiteExecutionId":"sut2067ba2b-b2d4-453d-9ac8-f6b0f0ee99f0","actions":[{"step":"Start of: test_6_3_1(com.netsuite.chinalocalization.vat.p2.ChinaVATCanBeSavedTest)","error":{}},{"exception":"There was a problem while executing SuiteSetup method - test 'test_6_3_1' is marked as failed.","error":{"stack_trace":"net.qaautomation.exceptions.TestCaseException: Unexpected Error<br>&nbsp;&nbsp;&nbsp;&nbsp;Caused by: net.qaautomation.exceptions.SystemException: Error while executing javascript command 'return nlapiGetContext().getPreference('language');'<br>&nbsp;&nbsp;&nbsp;&nbsp;\tat com.netsuite.testautomation.driver.SeleniumDriver.executeScriptInternal(SeleniumDriver.java:1517)<br>&nbsp;&nbsp;&nbsp;&nbsp;\tat com.netsuite.testautomation.driver.SeleniumDriver.executeScriptIgnoreAlert(SeleniumDriver.java:1502)<br>&nbsp;&nbsp;&nbsp;&nbsp;\tat com.netsuite.testautomation.driver.WebDriver$executeScriptIgnoreAlert$5.call(Unknown Source)<br>&nbsp;&nbsp;&nbsp;&nbsp;\tat com.netsuite.base.lib.language.LanguageUtil.getUserLanguage(LanguageUtil.groovy:20)<br>&nbsp;&nbsp;&nbsp;&nbsp;\tat com.netsuite.base.lib.language.LanguageUtil.setCurrentLanguage(LanguageUtil.groovy:43)<br>&nbsp;&nbsp;&nbsp;&nbsp;\tat com.netsuite.base.lib.language.LanguageUtil.changeToTargetLanguage(LanguageUtil.groovy:60)<br>&nbsp;&nbsp;&nbsp;&nbsp;\tat com.netsuite.base.lib.language.LanguageUtil$changeToTargetLanguage.call(Unknown Source)<br>&nbsp;&nbsp;&nbsp;&nbsp;\tat com.netsuite.base.lib.login.LoginUtil.switchToRoleForMultiLanguageTeam(LoginUtil.groovy:188)<br>&nbsp;&nbsp;&nbsp;&nbsp;\tat com.netsuite.base.lib.login.LoginUtil$switchToRoleForMultiLanguageTeam$3.callCurrent(Unknown Source)<br>&nbsp;&nbsp;&nbsp;&nbsp;\tat com.netsuite.base.lib.login.LoginUtil.switchToRole(LoginUtil.groovy:217)<br>&nbsp;&nbsp;&nbsp;&nbsp;\tat com.netsuite.base.lib.login.LoginUtil$switchToRole$2.callCurrent(Unknown Source)<br>&nbsp;&nbsp;&nbsp;&nbsp;\tat com.netsuite.base.lib.login.LoginUtil.loginAsRole(LoginUtil.groovy:272)<br>&nbsp;&nbsp;&nbsp;&nbsp;\tat com.netsuite.base.lib.login.LoginUtil$loginAsRole$0.call(Unknown Source)<br>&nbsp;&nbsp;&nbsp;&nbsp;\tat com.netsuite.chinalocalization.common.BaseAppTestSuite.login(BaseAppTestSuite.groovy:132)<br>&nbsp;&nbsp;&nbsp;&nbsp;\tat com.netsuite.chinalocalization.common.BaseAppTestSuite.setUpTestSuite(BaseAppTestSuite.groovy:80)<br>&nbsp;&nbsp;&nbsp;&nbsp;\tat com.netsuite.chinalocalization.vat.VATAppTestSuite.super$4$setUpTestSuite(VATAppTestSuite.groovy)<br>&nbsp;&nbsp;&nbsp;&nbsp;\tat groovy.lang.MetaMethod.doMethodInvoke(MetaMethod.java:325)<br>&nbsp;&nbsp;&nbsp;&nbsp;\tat groovy.lang.MetaClassImpl.invokeMethod(MetaClassImpl.java:1218)<br>&nbsp;&nbsp;&nbsp;&nbsp;\tat com.netsuite.chinalocalization.vat.VATAppTestSuite.setUpTestSuite(VATAppTestSuite.groovy:39)<br>&nbsp;&nbsp;&nbsp;&nbsp;Caused by: org.openqa.selenium.WebDriverException: unknown error: call function result missing int 'status'<br>&nbsp;&nbsp;&nbsp;&nbsp;  (Session info: chrome=70.0.3538.110)<br>&nbsp;&nbsp;&nbsp;&nbsp;  (Driver info: chromedriver=2.42.591088 (7b2b2dca23cca0862f674758c9a3933e685c27d5),platform=Windows NT 10.0.16299 x86_64) (WARNING: The server did not provide any stacktrace information)<br>&nbsp;&nbsp;&nbsp;&nbsp;Command duration or timeout: 0 milliseconds<br>&nbsp;&nbsp;&nbsp;&nbsp;Build info: version: '3.9.1', revision: '63f7b50', time: '2018-02-07T22:25:02.294Z'<br>&nbsp;&nbsp;&nbsp;&nbsp;System info: host: 'ZHONGZHU-CN', ip: '10.191.25.85', os.name: 'Windows 10', os.arch: 'amd64', os.version: '10.0', java.version: '1.8.0_181'<br>&nbsp;&nbsp;&nbsp;&nbsp;Driver info: org.openqa.selenium.chrome.ChromeDriver<br>&nbsp;&nbsp;&nbsp;&nbsp;Capabilities {acceptInsecureCerts: false, acceptSslCerts: false, applicationCacheEnabled: false, browserConnectionEnabled: false, browserName: chrome, chrome: {chromedriverVersion: 2.42.591088 (7b2b2dca23cca0..., userDataDir: C:\\headless\\profile}, cssSelectorsEnabled: true, databaseEnabled: false, goog:chromeOptions: {debuggerAddress: localhost:50362}, handlesAlerts: true, hasTouchScreen: false, javascriptEnabled: true, locationContextEnabled: true, mobileEmulationEnabled: false, nativeEvents: true, networkConnectionEnabled: false, pageLoadStrategy: normal, platform: XP, platformName: XP, rotatable: false, setWindowRect: true, takesHeapSnapshot: true, takesScreenshot: true, unexpectedAlertBehaviour: , unhandledPromptBehavior: , version: 70.0.3538.110, webStorageEnabled: true}<br>&nbsp;&nbsp;&nbsp;&nbsp;Session ID: a6a042eaea0a45cb2041cbcd297db951<br>&nbsp;&nbsp;&nbsp;&nbsp;\tat com.netsuite.testautomation.driver.SeleniumDriver.executeScriptInternal(SeleniumDriver.java:1509)<br>&nbsp;&nbsp;&nbsp;&nbsp;\t... 18 more"}},{"step":"End of: test_6_3_1(com.netsuite.chinalocalization.vat.p2.ChinaVATCanBeSavedTest)","error":{}}]}