2018-09-17 14:33:53,085 INFO  com.netsuite.testautomation.junit.runners.SuiteSetupRule - Start of: SuiteSetup(com.netsuite.chinalocalization.vat.p2.IssueChinaVATTest)
2018-09-17 14:34:08,109 INFO  org.apache.log4j.Category$info - Navigated to: https://system.na3.netsuite.com/app/login/secure/enterpriselogin.nl?c=5142516&whence=
2018-09-17 14:34:35,006 ERROR com.netsuite.testautomation.junit.runners.SuiteSetupRule - There was a problem while executing suite setup method.
net.qaautomation.exceptions.TestCaseException: Unexpected Error
Caused by: org.openqa.selenium.WebDriverException: chrome not reachable
  (Session info: chrome=68.0.3440.106)
  (Driver info: chromedriver=2.42.591088 (7b2b2dca23cca0862f674758c9a3933e685c27d5),platform=Windows NT 10.0.16299 x86_64) (WARNING: The server did not provide any stacktrace information)
Command duration or timeout: 0 milliseconds
Build info: version: '3.9.1', revision: '63f7b50', time: '2018-02-07T22:25:02.294Z'
System info: host: 'ZHONGZHU-CN', ip: '10.191.3.190', os.name: 'Windows 10', os.arch: 'amd64', os.version: '10.0', java.version: '1.8.0_181'
Driver info: org.openqa.selenium.chrome.ChromeDriver
Capabilities {acceptInsecureCerts: false, acceptSslCerts: false, applicationCacheEnabled: false, browserConnectionEnabled: false, browserName: chrome, chrome: {chromedriverVersion: 2.42.591088 (7b2b2dca23cca0..., userDataDir: C:\Users\zhongzhu\chromedata}, cssSelectorsEnabled: true, databaseEnabled: false, goog:chromeOptions: {debuggerAddress: localhost:57933}, handlesAlerts: true, hasTouchScreen: false, javascriptEnabled: true, locationContextEnabled: true, mobileEmulationEnabled: false, nativeEvents: true, networkConnectionEnabled: false, pageLoadStrategy: normal, platform: XP, platformName: XP, rotatable: false, setWindowRect: true, takesHeapSnapshot: true, takesScreenshot: true, unexpectedAlertBehaviour: , unhandledPromptBehavior: , version: 68.0.3440.106, webStorageEnabled: true}
Session ID: 091ff016c8d3bd4d5a361f88e6215fe4
	at com.netsuite.testautomation.driver.SeleniumDriver.getPageAsXml(SeleniumDriver.java:669)
	at com.netsuite.testautomation.driver.SeleniumDriver.getPageDocument(SeleniumDriver.java:662)
	at com.netsuite.testautomation.driver.SeleniumDriver.getPageBodyDocument(SeleniumDriver.java:651)
	at com.netsuite.testautomation.driver.SeleniumDriver.getPageContent(SeleniumDriver.java:631)
	at com.netsuite.testautomation.driver.SeleniumDriver.takeScreenshot(SeleniumDriver.java:1759)
	at com.netsuite.testautomation.exceptions.ExceptionFactory.takeScreenShot(ExceptionFactory.java:224)
	at com.netsuite.testautomation.exceptions.ExceptionFactory.buildNSAppException(ExceptionFactory.java:159)
	at com.netsuite.testautomation.exceptions.ExceptionFactory.buildNSAppException(ExceptionFactory.java:142)
	at com.netsuite.testautomation.exceptions.ExceptionFactory.createNSAppException(ExceptionFactory.java:69)
	at com.netsuite.testautomation.exceptions.ExceptionFactory$createNSAppException.call(Unknown Source)
	at com.netsuite.base.lib.login.LoginUtil.logInViaForm(LoginUtil.groovy:79)
	at com.netsuite.base.lib.login.LoginUtil.logInViaForm(LoginUtil.groovy:51)
	at com.netsuite.base.lib.login.LoginUtil$logInViaForm$1.callCurrent(Unknown Source)
	at com.netsuite.base.lib.login.LoginUtil.loginAndAnswerQuestion(LoginUtil.groovy:101)
	at com.netsuite.base.lib.login.LoginUtil.loginAsRole(LoginUtil.groovy:292)
	at com.netsuite.base.lib.login.LoginUtil$loginAsRole$0.call(Unknown Source)
	at com.netsuite.chinalocalization.common.BaseAppTestSuite.login(BaseAppTestSuite.groovy:137)
	at com.netsuite.chinalocalization.common.BaseAppTestSuite.setUpTestSuite(BaseAppTestSuite.groovy:80)
	at com.netsuite.chinalocalization.vat.VATAppTestSuite.super$4$setUpTestSuite(VATAppTestSuite.groovy)
	at groovy.lang.MetaMethod.doMethodInvoke(MetaMethod.java:325)
	at groovy.lang.MetaClassImpl.invokeMethod(MetaClassImpl.java:1218)
	at com.netsuite.chinalocalization.vat.VATAppTestSuite.setUpTestSuite(VATAppTestSuite.groovy:39)
2018-09-17 14:34:35,019 INFO  com.netsuite.testautomation.junit.runners.SuiteSetupRule - End of: SuiteSetup(com.netsuite.chinalocalization.vat.p2.IssueChinaVATTest)
