2018-09-15 06:54:34,830 INFO  com.netsuite.testautomation.junit.runners.SuiteSetupRule - Start of: test_5_2_1(com.netsuite.chinalocalization.vat.p2.IssueChinaVATTest)
2018-09-15 06:54:34,830 ERROR com.netsuite.testautomation.junit.runners.SuiteSetupRule - There was a problem while executing SuiteSetup method - test 'test_5_2_1' is marked as failed.
net.qaautomation.exceptions.TestCaseException: Unexpected Error
Caused by: org.openqa.selenium.NoSuchWindowException: no such window: target window already closed
from unknown error: web view not found
  (Session info: chrome=68.0.3440.106)
  (Driver info: chromedriver=2.42.591088 (7b2b2dca23cca0862f674758c9a3933e685c27d5),platform=Windows NT 10.0.16299 x86_64) (WARNING: The server did not provide any stacktrace information)
Command duration or timeout: 0 milliseconds
Build info: version: '3.9.1', revision: '63f7b50', time: '2018-02-07T22:25:02.294Z'
System info: host: 'ZHONGZHU-CN', ip: '10.191.2.17', os.name: 'Windows 10', os.arch: 'amd64', os.version: '10.0', java.version: '1.8.0_181'
Driver info: org.openqa.selenium.chrome.ChromeDriver
Capabilities {acceptInsecureCerts: false, acceptSslCerts: false, applicationCacheEnabled: false, browserConnectionEnabled: false, browserName: chrome, chrome: {chromedriverVersion: 2.42.591088 (7b2b2dca23cca0..., userDataDir: C:\Users\zhongzhu\chromedata}, cssSelectorsEnabled: true, databaseEnabled: false, goog:chromeOptions: {debuggerAddress: localhost:54417}, handlesAlerts: true, hasTouchScreen: false, javascriptEnabled: true, locationContextEnabled: true, mobileEmulationEnabled: false, nativeEvents: true, networkConnectionEnabled: false, pageLoadStrategy: normal, platform: XP, platformName: XP, rotatable: false, setWindowRect: true, takesHeapSnapshot: true, takesScreenshot: true, unexpectedAlertBehaviour: , unhandledPromptBehavior: , version: 68.0.3440.106, webStorageEnabled: true}
Session ID: 0b702a6cba13904ab02cb72cbcffaa03
	at com.netsuite.testautomation.driver.SeleniumDriver.getPageAsXml(SeleniumDriver.java:669)
	at com.netsuite.testautomation.driver.SeleniumDriver.getPageDocument(SeleniumDriver.java:662)
	at com.netsuite.testautomation.driver.SeleniumDriver.getPageBodyDocument(SeleniumDriver.java:651)
	at com.netsuite.testautomation.driver.SeleniumDriver.getPageContent(SeleniumDriver.java:631)
	at com.netsuite.testautomation.driver.SeleniumDriver.takeScreenshot(SeleniumDriver.java:1759)
	at com.netsuite.testautomation.exceptions.ExceptionFactory.takeScreenShot(ExceptionFactory.java:224)
	at com.netsuite.testautomation.exceptions.ExceptionFactory.buildNSAppException(ExceptionFactory.java:159)
	at com.netsuite.testautomation.exceptions.ExceptionFactory.buildNSAppException(ExceptionFactory.java:142)
	at com.netsuite.testautomation.exceptions.ExceptionFactory.createNSAppException(ExceptionFactory.java:69)
	at com.netsuite.testautomation.exceptions.ExceptionFactory$createNSAppException.call(Unknown Source)
	at com.netsuite.base.lib.login.LoginUtil.logInViaForm(LoginUtil.groovy:78)
	at com.netsuite.base.lib.login.LoginUtil.logInViaForm(LoginUtil.groovy:50)
	at com.netsuite.base.lib.login.LoginUtil$logInViaForm$1.callCurrent(Unknown Source)
	at com.netsuite.base.lib.login.LoginUtil.loginAndAnswerQuestion(LoginUtil.groovy:100)
	at com.netsuite.base.lib.login.LoginUtil.loginAsRole(LoginUtil.groovy:291)
	at com.netsuite.base.lib.login.LoginUtil$loginAsRole$0.call(Unknown Source)
	at com.netsuite.chinalocalization.common.BaseAppTestSuite.login(BaseAppTestSuite.groovy:137)
	at com.netsuite.chinalocalization.common.BaseAppTestSuite.setUpTestSuite(BaseAppTestSuite.groovy:80)
	at com.netsuite.chinalocalization.vat.VATAppTestSuite.super$4$setUpTestSuite(VATAppTestSuite.groovy)
	at groovy.lang.MetaMethod.doMethodInvoke(MetaMethod.java:325)
	at groovy.lang.MetaClassImpl.invokeMethod(MetaClassImpl.java:1218)
	at com.netsuite.chinalocalization.vat.VATAppTestSuite.setUpTestSuite(VATAppTestSuite.groovy:39)
2018-09-15 06:54:34,892 INFO  com.netsuite.testautomation.junit.runners.SuiteSetupRule - End of: test_5_2_1(com.netsuite.chinalocalization.vat.p2.IssueChinaVATTest)
2018-09-15 06:54:34,924 INFO  com.netsuite.testautomation.junit.runners.SuiteSetupRule - Start of: SuiteTeardown(com.netsuite.chinalocalization.vat.p2.IssueChinaVATTest)
